app/build/intermediates/manifest_merge_blame_file/release/manifest-merger-blame-release-report.txt
1<?xml version="1.0" encoding="utf-8"?>
2<manifest xmlns:android="http://schemas.android.com/apk/res/android"
3    package="com.example.usagi"
4    android:versionCode="1"
5    android:versionName="1.0" >
6
7    <uses-sdk
8        android:minSdkVersion="30"
9        android:targetSdkVersion="34" />
10
11    <!-- 基础前台服务权限 (Android 14 依然需要此基础权限) -->
12    <uses-permission android:name="android.permission.FOREGROUND_SERVICE" />
12-->src\main\AndroidManifest.xml:6:5-77
12-->src\main\AndroidManifest.xml:6:22-74
13
14    <!-- Android 14 (API 34) 针对特定类型前台服务的新增权限 -->
15    <!-- 对应服务中的 android:foregroundServiceType="dataSync" -->
16    <uses-permission android:name="android.permission.FOREGROUND_SERVICE_DATA_SYNC" />
16-->src\main\AndroidManifest.xml:10:5-87
16-->src\main\AndroidManifest.xml:10:22-84
17
18    <!-- 悬浮窗权限 -->
19    <uses-permission android:name="android.permission.SYSTEM_ALERT_WINDOW" />
19-->src\main\AndroidManifest.xml:13:5-78
19-->src\main\AndroidManifest.xml:13:22-75
20
21    <!-- 开机自启权限 -->
22    <uses-permission android:name="android.permission.RECEIVE_BOOT_COMPLETED" />
22-->src\main\AndroidManifest.xml:16:5-81
22-->src\main\AndroidManifest.xml:16:22-78
23
24    <!-- 震动权限 -->
25    <uses-permission android:name="android.permission.VIBRATE" />
25-->src\main\AndroidManifest.xml:19:5-66
25-->src\main\AndroidManifest.xml:19:22-63
26
27    <!-- 读取外部存储权限（用于选择背景图片） -->
28    <uses-permission android:name="android.permission.READ_EXTERNAL_STORAGE" />
28-->src\main\AndroidManifest.xml:22:5-80
28-->src\main\AndroidManifest.xml:22:22-77
29    <uses-permission android:name="android.permission.READ_MEDIA_IMAGES" />
29-->src\main\AndroidManifest.xml:23:5-76
29-->src\main\AndroidManifest.xml:23:22-73
30
31    <permission
31-->[androidx.core:core:1.9.0] AndroidManifest.xml:22:5-24:47
32        android:name="com.example.usagi.DYNAMIC_RECEIVER_NOT_EXPORTED_PERMISSION"
32-->[androidx.core:core:1.9.0] AndroidManifest.xml:23:9-81
33        android:protectionLevel="signature" />
33-->[androidx.core:core:1.9.0] AndroidManifest.xml:24:9-44
34
35    <uses-permission android:name="com.example.usagi.DYNAMIC_RECEIVER_NOT_EXPORTED_PERMISSION" />
35-->[androidx.core:core:1.9.0] AndroidManifest.xml:26:5-97
35-->[androidx.core:core:1.9.0] AndroidManifest.xml:26:22-94
36
37    <application
37-->src\main\AndroidManifest.xml:25:5-61:19
38        android:allowBackup="false"
38-->src\main\AndroidManifest.xml:26:9-36
39        android:appComponentFactory="androidx.core.app.CoreComponentFactory"
39-->[androidx.core:core:1.9.0] AndroidManifest.xml:28:18-86
40        android:extractNativeLibs="false"
41        android:icon="@mipmap/icon"
41-->src\main\AndroidManifest.xml:29:9-36
42        android:label="@string/app_name"
42-->src\main\AndroidManifest.xml:27:9-41
43        android:supportsRtl="true"
43-->src\main\AndroidManifest.xml:28:9-35
44        android:theme="@style/Theme.Usagi" >
44-->src\main\AndroidManifest.xml:30:9-43
45
46        <!-- 主活动 -->
47        <activity
47-->src\main\AndroidManifest.xml:33:9-40:20
48            android:name="com.example.usagi.MainActivity"
48-->src\main\AndroidManifest.xml:34:13-41
49            android:exported="true" >
49-->src\main\AndroidManifest.xml:35:13-36
50            <intent-filter>
50-->src\main\AndroidManifest.xml:36:13-39:29
51                <action android:name="android.intent.action.MAIN" />
51-->src\main\AndroidManifest.xml:37:17-69
51-->src\main\AndroidManifest.xml:37:25-66
52
53                <category android:name="android.intent.category.LAUNCHER" />
53-->src\main\AndroidManifest.xml:38:17-77
53-->src\main\AndroidManifest.xml:38:27-74
54            </intent-filter>
55        </activity>
56
57        <!-- 设置活动 -->
58        <activity android:name="com.example.usagi.SettingsActivity" />
58-->src\main\AndroidManifest.xml:43:9-54
58-->src\main\AndroidManifest.xml:43:19-51
59
60        <!-- 悬浮窗服务 -->
61        <service
61-->src\main\AndroidManifest.xml:46:9-50:11
62            android:name="com.example.usagi.UsagiService"
62-->src\main\AndroidManifest.xml:47:13-41
63            android:exported="false"
63-->src\main\AndroidManifest.xml:48:13-37
64            android:foregroundServiceType="dataSync" />
64-->src\main\AndroidManifest.xml:49:13-53
65
66        <!-- 开机自启广播接收器 -->
67        <receiver
67-->src\main\AndroidManifest.xml:53:9-60:20
68            android:name="com.example.usagi.BootReceiver"
68-->src\main\AndroidManifest.xml:54:13-41
69            android:enabled="true"
69-->src\main\AndroidManifest.xml:56:13-35
70            android:exported="true" >
70-->src\main\AndroidManifest.xml:55:13-36
71            <intent-filter>
71-->src\main\AndroidManifest.xml:57:13-59:29
72                <action android:name="android.intent.action.BOOT_COMPLETED" />
72-->src\main\AndroidManifest.xml:58:17-79
72-->src\main\AndroidManifest.xml:58:25-76
73            </intent-filter>
74        </receiver>
75
76        <provider
76-->[androidx.emoji2:emoji2:1.2.0] AndroidManifest.xml:24:9-32:20
77            android:name="androidx.startup.InitializationProvider"
77-->[androidx.emoji2:emoji2:1.2.0] AndroidManifest.xml:25:13-67
78            android:authorities="com.example.usagi.androidx-startup"
78-->[androidx.emoji2:emoji2:1.2.0] AndroidManifest.xml:26:13-68
79            android:exported="false" >
79-->[androidx.emoji2:emoji2:1.2.0] AndroidManifest.xml:27:13-37
80            <meta-data
80-->[androidx.emoji2:emoji2:1.2.0] AndroidManifest.xml:29:13-31:52
81                android:name="androidx.emoji2.text.EmojiCompatInitializer"
81-->[androidx.emoji2:emoji2:1.2.0] AndroidManifest.xml:30:17-75
82                android:value="androidx.startup" />
82-->[androidx.emoji2:emoji2:1.2.0] AndroidManifest.xml:31:17-49
83            <meta-data
83-->[androidx.lifecycle:lifecycle-process:2.4.1] AndroidManifest.xml:31:13-33:52
84                android:name="androidx.lifecycle.ProcessLifecycleInitializer"
84-->[androidx.lifecycle:lifecycle-process:2.4.1] AndroidManifest.xml:32:17-78
85                android:value="androidx.startup" />
85-->[androidx.lifecycle:lifecycle-process:2.4.1] AndroidManifest.xml:33:17-49
86        </provider>
87
88        <uses-library
88-->[androidx.window:window:1.0.0] AndroidManifest.xml:25:9-27:40
89            android:name="androidx.window.extensions"
89-->[androidx.window:window:1.0.0] AndroidManifest.xml:26:13-54
90            android:required="false" />
90-->[androidx.window:window:1.0.0] AndroidManifest.xml:27:13-37
91        <uses-library
91-->[androidx.window:window:1.0.0] AndroidManifest.xml:28:9-30:40
92            android:name="androidx.window.sidecar"
92-->[androidx.window:window:1.0.0] AndroidManifest.xml:29:13-51
93            android:required="false" />
93-->[androidx.window:window:1.0.0] AndroidManifest.xml:30:13-37
94    </application>
95
96</manifest>